<?xml version="1.0" encoding="UTF-8" ?>
<testsuite tests="8" failures="1" name="testNgpro.TestNgclass" time="3.332" errors="0" skipped="7">
  <properties>
    <property name="JOB_NAME" value="testNgproject"/>
    <property name="java.vendor" value="Oracle Corporation"/>
    <property name="RUN_TESTS_DISPLAY_URL" value="http://localhost:8080/job/testNgproject/2/display/redirect?page=tests"/>
    <property name="JAVA_MAIN_CLASS_6711" value="Main"/>
    <property name="sun.java.launcher" value="SUN_STANDARD"/>
    <property name="sun.management.compiler" value="HotSpot 64-Bit Tiered Compilers"/>
    <property name="JENKINS_HOME" value="/Users/jaura/.jenkins"/>
    <property name="PATH" value="/usr/bin:/bin:/usr/sbin:/sbin"/>
    <property name="HUDSON_SERVER_COOKIE" value="8ca329b4a8125157"/>
    <property name="POM_ARTIFACTID" value="testngproject"/>
    <property name="os.name" value="Mac OS X"/>
    <property name="EXECUTOR_NUMBER" value="1"/>
    <property name="java.vm.specification.vendor" value="Oracle Corporation"/>
    <property name="POM_DISPLAYNAME" value="testngPro"/>
    <property name="NODE_LABELS" value="built-in"/>
    <property name="java.runtime.version" value="17.0.1+12-LTS-39"/>
    <property name="user.name" value="jaura"/>
    <property name="guice.disable.misplaced.annotation.check" value="true"/>
    <property name="user.language" value="en"/>
    <property name="JOB_BASE_NAME" value="testNgproject"/>
    <property name="RUN_CHANGES_DISPLAY_URL" value="http://localhost:8080/job/testNgproject/2/display/redirect?page=changes"/>
    <property name="BUILD_DISPLAY_NAME" value="#2"/>
    <property name="TMPDIR" value="/var/folders/hw/sdmsrtv17ysblr41l6yy00m00000gn/T/"/>
    <property name="sun.boot.library.path" value="/Library/Java/JavaVirtualMachines/jdk-17.0.1.jdk/Contents/Home/lib"/>
    <property name="java.vm.compressedOopsMode" value="Zero based"/>
    <property name="java.version" value="17.0.1"/>
    <property name="XPC_FLAGS" value="0x0"/>
    <property name="user.timezone" value="America/Toronto"/>
    <property name="sun.arch.data.model" value="64"/>
    <property name="NODE_NAME" value="built-in"/>
    <property name="http.nonProxyHosts" value="local|*.local|169.254/16|*.169.254/16"/>
    <property name="BUILD_ID" value="2"/>
    <property name="sun.jnu.encoding" value="UTF-8"/>
    <property name="SHELL" value="/bin/bash"/>
    <property name="file.separator" value="/"/>
    <property name="java.specification.name" value="Java Platform API Specification"/>
    <property name="maven.conf" value="/Users/jaura/.jenkins/tools/hudson.tasks.Maven_MavenInstallation/MavenPro/conf"/>
    <property name="java.class.version" value="61.0"/>
    <property name="org.slf4j.simpleLogger.defaultLogLevel" value="info"/>
    <property name="user.country" value="CA"/>
    <property name="java.home" value="/Library/Java/JavaVirtualMachines/jdk-17.0.1.jdk/Contents/Home"/>
    <property name="java.vm.info" value="mixed mode, sharing"/>
    <property name="os.version" value="12.0.1"/>
    <property name="RUN_DISPLAY_URL" value="http://localhost:8080/job/testNgproject/2/display/redirect"/>
    <property name="POM_VERSION" value="0.0.1-SNAPSHOT"/>
    <property name="sun.font.fontmanager" value="sun.font.CFontManager"/>
    <property name="path.separator" value=":"/>
    <property name="RUN_ARTIFACTS_DISPLAY_URL" value="http://localhost:8080/job/testNgproject/2/display/redirect?page=artifacts"/>
    <property name="java.vm.version" value="17.0.1+12-LTS-39"/>
    <property name="JOB_DISPLAY_URL" value="http://localhost:8080/job/testNgproject/display/redirect"/>
    <property name="sun.io.unicode.encoding" value="UnicodeBig"/>
    <property name="LOGNAME" value="jaura"/>
    <property name="POM_PACKAGING" value="jar"/>
    <property name="socksNonProxyHosts" value="local|*.local|169.254/16|*.169.254/16"/>
    <property name="HOME" value="/Users/jaura"/>
    <property name="ftp.nonProxyHosts" value="local|*.local|169.254/16|*.169.254/16"/>
    <property name="POM_GROUPID" value="Protestng"/>
    <property name="user.home" value="/Users/jaura"/>
    <property name="BUILD_TAG" value="jenkins-testNgproject-2"/>
    <property name="JENKINS_SERVER_COOKIE" value="8ca329b4a8125157"/>
    <property name="XPC_SERVICE_NAME" value="homebrew.mxcl.jenkins"/>
    <property name="HUDSON_URL" value="http://localhost:8080/"/>
    <property name="java.version.date" value="2021-10-19"/>
    <property name="java.specification.vendor" value="Oracle Corporation"/>
    <property name="CLASSPATH" value=""/>
    <property name="java.library.path" value="/Users/jaura/Library/Java/Extensions:/Library/Java/Extensions:/Network/Library/Java/Extensions:/System/Library/Java/Extensions:/usr/lib/java:."/>
    <property name="java.vendor.url" value="https://java.oracle.com/"/>
    <property name="java.vm.vendor" value="Oracle Corporation"/>
    <property name="java.runtime.name" value="Java(TM) SE Runtime Environment"/>
    <property name="maven.home" value="/Users/jaura/.jenkins/tools/hudson.tasks.Maven_MavenInstallation/MavenPro"/>
    <property name="sun.java.command" value="jenkins.maven3.agent.Maven35Main /Users/jaura/.jenkins/tools/hudson.tasks.Maven_MavenInstallation/MavenPro /Users/jaura/.jenkins/war/WEB-INF/lib/remoting-4.11.2.jar /Users/jaura/.jenkins/plugins/maven-plugin/WEB-INF/lib/maven35-interceptor-1.13.jar /Users/jaura/.jenkins/plugins/maven-plugin/WEB-INF/lib/maven3-interceptor-commons-1.13.jar 50045"/>
    <property name="java.class.path" value="/Users/jaura/.jenkins/plugins/maven-plugin/WEB-INF/lib/maven35-agent-1.13.jar:/Users/jaura/.jenkins/tools/hudson.tasks.Maven_MavenInstallation/MavenPro/boot/plexus-classworlds-2.6.0.jar:/Users/jaura/.jenkins/tools/hudson.tasks.Maven_MavenInstallation/MavenPro/conf/logging"/>
    <property name="native.encoding" value="UTF-8"/>
    <property name="jdk.debug" value="release"/>
    <property name="java.vm.specification.name" value="Java Virtual Machine Specification"/>
    <property name="jansi.mode" value="strip"/>
    <property name="java.vm.specification.version" value="17"/>
    <property name="M2_HOME" value="/Users/jaura/.jenkins/tools/hudson.tasks.Maven_MavenInstallation/MavenPro"/>
    <property name="sun.cpu.endian" value="little"/>
    <property name="CI" value="true"/>
    <property name="java.io.tmpdir" value="/var/folders/hw/sdmsrtv17ysblr41l6yy00m00000gn/T/"/>
    <property name="HUDSON_HOME" value="/Users/jaura/.jenkins"/>
    <property name="PATH+MAVEN" value="/Users/jaura/.jenkins/tools/hudson.tasks.Maven_MavenInstallation/MavenPro/bin"/>
    <property name="java.vendor.url.bug" value="https://bugreport.java.com/bugreport/"/>
    <property name="BUILD_URL" value="http://localhost:8080/job/testNgproject/2/"/>
    <property name="SSH_AUTH_SOCK" value="/private/tmp/com.apple.launchd.aLLTDobDDS/Listeners"/>
    <property name="os.arch" value="x86_64"/>
    <property name="__CF_USER_TEXT_ENCODING" value="0x1F5:0x0:0x52"/>
    <property name="user.dir" value="/Users/jaura/eclipse-workspace/testngproject"/>
    <property name="JOB_URL" value="http://localhost:8080/job/testNgproject/"/>
    <property name="MAVEN_HOME" value="/Users/jaura/.jenkins/tools/hudson.tasks.Maven_MavenInstallation/MavenPro"/>
    <property name="line.separator" value="
"/>
    <property name="java.vm.name" value="Java HotSpot(TM) 64-Bit Server VM"/>
    <property name="BUILD_NUMBER" value="2"/>
    <property name="JENKINS_URL" value="http://localhost:8080/"/>
    <property name="file.encoding" value="UTF-8"/>
    <property name="maven3.interceptor" value="/Users/jaura/.jenkins/plugins/maven-plugin/WEB-INF/lib/maven35-interceptor-1.13.jar"/>
    <property name="WORKSPACE_TMP" value="/Users/jaura/.jenkins/workspace/testNgproject@tmp"/>
    <property name="WORKSPACE" value="/Users/jaura/.jenkins/workspace/testNgproject"/>
    <property name="maven3.interceptor.common" value="/Users/jaura/.jenkins/plugins/maven-plugin/WEB-INF/lib/maven3-interceptor-commons-1.13.jar"/>
    <property name="java.specification.version" value="17"/>
    <property name="USER" value="jaura"/>
  </properties>
  <testcase classname="testNgpro.TestNgclass" name="initialsetup" time="1.664">
    <failure message="Could not start a new session. Possible causes are invalid address of the remote server or browser start-up failure." type="org.openqa.selenium.SessionNotCreatedException">org.openqa.selenium.SessionNotCreatedException: Could not start a new session. Possible causes are invalid address of the remote server or browser start-up failure.
	at org.openqa.selenium.remote.RemoteWebDriver.execute(RemoteWebDriver.java:576)
	at org.openqa.selenium.remote.RemoteWebDriver.startSession(RemoteWebDriver.java:245)
	at org.openqa.selenium.remote.RemoteWebDriver.&lt;init&gt;(RemoteWebDriver.java:161)
	at org.openqa.selenium.firefox.FirefoxDriver.&lt;init&gt;(FirefoxDriver.java:137)
	at org.openqa.selenium.firefox.FirefoxDriver.&lt;init&gt;(FirefoxDriver.java:125)
	at org.openqa.selenium.firefox.FirefoxDriver.&lt;init&gt;(FirefoxDriver.java:106)
	at testNgpro.TestNgclass.initialsetup(TestNgclass.java:35)
Caused by: org.openqa.selenium.WebDriverException: Timed out waiting for driver server to start.
Build info: version: &apos;4.1.2&apos;, revision: &apos;9a5a329c5a&apos;
System info: host: &apos;Simrans-MacBook-Air.local&apos;, ip: &apos;fe80:0:0:0:c06:7744:628a:d7a5%en0&apos;, os.name: &apos;Mac OS X&apos;, os.arch: &apos;x86_64&apos;, os.version: &apos;12.0.1&apos;, java.version: &apos;17.0.1&apos;
Driver info: driver.version: FirefoxDriver
	at org.openqa.selenium.remote.service.DriverService.start(DriverService.java:230)
	at org.openqa.selenium.remote.service.DriverCommandExecutor.execute(DriverCommandExecutor.java:98)
	at org.openqa.selenium.remote.RemoteWebDriver.execute(RemoteWebDriver.java:558)
	... 39 more
Caused by: java.util.concurrent.ExecutionException: java.io.UncheckedIOException: java.net.SocketException: Invalid argument
	at java.base/java.util.concurrent.CompletableFuture.reportGet(CompletableFuture.java:396)
	at java.base/java.util.concurrent.CompletableFuture.get(CompletableFuture.java:2096)
	at org.openqa.selenium.remote.service.DriverService.start(DriverService.java:220)
	... 41 more
Caused by: java.io.UncheckedIOException: java.net.SocketException: Invalid argument
	at org.openqa.selenium.net.PortProber.waitForPortUp(PortProber.java:117)
	at org.openqa.selenium.firefox.GeckoDriverService.waitUntilAvailable(GeckoDriverService.java:119)
	at org.openqa.selenium.remote.service.DriverService.lambda$start$1(DriverService.java:205)
	at java.base/java.util.concurrent.CompletableFuture$AsyncSupply.run(CompletableFuture.java:1768)
	at java.base/java.util.concurrent.ThreadPoolExecutor.runWorker(ThreadPoolExecutor.java:1136)
	at java.base/java.util.concurrent.ThreadPoolExecutor$Worker.run(ThreadPoolExecutor.java:635)
	at java.base/java.lang.Thread.run(Thread.java:833)
Caused by: java.net.SocketException: Invalid argument
	at java.base/sun.nio.ch.Net.connect0(Native Method)
	at java.base/sun.nio.ch.Net.connect(Net.java:579)
	at java.base/sun.nio.ch.Net.connect(Net.java:568)
	at java.base/sun.nio.ch.NioSocketImpl.connect(NioSocketImpl.java:588)
	at java.base/java.net.SocksSocketImpl.connect(SocksSocketImpl.java:327)
	at java.base/java.net.Socket.connect(Socket.java:633)
	at org.openqa.selenium.net.PortProber.waitForPortUp(PortProber.java:112)
	... 6 more
</failure>
    <system-out>Configuring TestNG with: org.apache.maven.surefire.testng.conf.TestNG652Configurator@4563e9ab
</system-out>
    <system-err>SLF4J: Failed to load class &quot;org.slf4j.impl.StaticLoggerBinder&quot;.
SLF4J: Defaulting to no-operation (NOP) logger implementation
SLF4J: See http://www.slf4j.org/codes.html#StaticLoggerBinder for further details.
ERROR StatusLogger Log4j2 could not find a logging implementation. Please add log4j-core to the classpath. Using SimpleLogger to log to the console...
</system-err>
  </testcase>
  <testcase classname="testNgpro.TestNgclass" name="openurl" time="1.666">
    <skipped/>
  </testcase>
  <testcase classname="testNgpro.TestNgclass" name="signup" time="0">
    <skipped/>
    <system-err>1644000044998	geckodriver	INFO	Listening on 127.0.0.1:50255
</system-err>
  </testcase>
  <testcase classname="testNgpro.TestNgclass" name="login" time="0">
    <skipped/>
  </testcase>
  <testcase classname="testNgpro.TestNgclass" name="laptopselect" time="0">
    <skipped/>
  </testcase>
  <testcase classname="testNgpro.TestNgclass" name="addCartAlert" time="0">
    <skipped/>
  </testcase>
  <testcase classname="testNgpro.TestNgclass" name="cartPage" time="0">
    <skipped/>
  </testcase>
  <testcase classname="testNgpro.TestNgclass" name="close" time="0.002">
    <skipped/>
  </testcase>
</testsuite>